{"D:\\Lumitech\\starwars-app\\src\\app.tsx": {"path":"D:\\Lumitech\\starwars-app\\src\\app.tsx","statementMap":{"0":{"start":{"line":1,"column":0},"end":{"line":1,"column":65}},"1":{"start":{"line":2,"column":0},"end":{"line":2,"column":36}},"2":{"start":{"line":3,"column":0},"end":{"line":3,"column":41}},"3":{"start":{"line":4,"column":0},"end":{"line":4,"column":45}},"4":{"start":{"line":5,"column":0},"end":{"line":5,"column":40}},"5":{"start":{"line":6,"column":0},"end":{"line":6,"column":61}},"6":{"start":{"line":8,"column":19},"end":{"line":47,"column":1}},"7":{"start":{"line":9,"column":2},"end":{"line":46,"column":4}},"8":{"start":{"line":8,"column":13},"end":{"line":8,"column":19}}},"fnMap":{"0":{"name":"(anonymous_1)","decl":{"start":{"line":8,"column":19},"end":{"line":8,"column":22}},"loc":{"start":{"line":8,"column":24},"end":{"line":47,"column":1}}}},"branchMap":{},"s":{"0":1,"1":1,"2":1,"3":1,"4":1,"5":1,"6":1,"7":2,"8":1},"f":{"0":2},"b":{}}
,"D:\\Lumitech\\starwars-app\\src\\components\\layout.tsx": {"path":"D:\\Lumitech\\starwars-app\\src\\components\\layout.tsx","statementMap":{"0":{"start":{"line":9,"column":27},"end":{"line":13,"column":1}},"1":{"start":{"line":10,"column":2},"end":{"line":12,"column":null}},"2":{"start":{"line":15,"column":38},"end":{"line":16,"column":null}},"3":{"start":{"line":16,"column":2},"end":{"line":16,"column":40}},"4":{"start":{"line":19,"column":36},"end":{"line":20,"column":null}},"5":{"start":{"line":20,"column":2},"end":{"line":20,"column":36}},"6":{"start":{"line":23,"column":0},"end":{"line":23,"column":23}},"7":{"start":{"line":24,"column":0},"end":{"line":24,"column":19}},"8":{"start":{"line":26,"column":0},"end":{"line":26,"column":null}}},"fnMap":{"0":{"name":"(anonymous_0)","decl":{"start":{"line":9,"column":27},"end":{"line":9,"column":28}},"loc":{"start":{"line":9,"column":54},"end":{"line":13,"column":1}}},"1":{"name":"(anonymous_1)","decl":{"start":{"line":15,"column":38},"end":{"line":15,"column":39}},"loc":{"start":{"line":16,"column":2},"end":{"line":16,"column":40}}},"2":{"name":"(anonymous_2)","decl":{"start":{"line":19,"column":36},"end":{"line":19,"column":37}},"loc":{"start":{"line":20,"column":2},"end":{"line":20,"column":36}}}},"branchMap":{},"s":{"0":1,"1":2,"2":1,"3":2,"4":1,"5":2,"6":1,"7":1,"8":1},"f":{"0":2,"1":2,"2":2},"b":{}}
,"D:\\Lumitech\\starwars-app\\src\\components\\ui\\avatar.tsx": {"path":"D:\\Lumitech\\starwars-app\\src\\components\\ui\\avatar.tsx","statementMap":{"0":{"start":{"line":1,"column":0},"end":{"line":1,"column":30}},"1":{"start":{"line":2,"column":0},"end":{"line":2,"column":57}},"2":{"start":{"line":4,"column":0},"end":{"line":4,"column":39}},"3":{"start":{"line":6,"column":15},"end":{"line":18,"column":2}},"4":{"start":{"line":10,"column":2},"end":{"line":16,"column":null}},"5":{"start":{"line":48,"column":9},"end":{"line":48,"column":15}},"6":{"start":{"line":19,"column":0},"end":{"line":19,"column":null}},"7":{"start":{"line":21,"column":20},"end":{"line":30,"column":2}},"8":{"start":{"line":25,"column":2},"end":{"line":28,"column":null}},"9":{"start":{"line":48,"column":17},"end":{"line":48,"column":28}},"10":{"start":{"line":31,"column":0},"end":{"line":31,"column":null}},"11":{"start":{"line":33,"column":23},"end":{"line":45,"column":2}},"12":{"start":{"line":37,"column":2},"end":{"line":43,"column":null}},"13":{"start":{"line":48,"column":30},"end":{"line":48,"column":44}},"14":{"start":{"line":46,"column":0},"end":{"line":46,"column":null}}},"fnMap":{"0":{"name":"(anonymous_6)","decl":{"start":{"line":9,"column":2},"end":{"line":9,"column":3}},"loc":{"start":{"line":10,"column":2},"end":{"line":16,"column":null}}},"1":{"name":"(anonymous_7)","decl":{"start":{"line":24,"column":2},"end":{"line":24,"column":3}},"loc":{"start":{"line":25,"column":2},"end":{"line":28,"column":null}}},"2":{"name":"(anonymous_8)","decl":{"start":{"line":36,"column":2},"end":{"line":36,"column":3}},"loc":{"start":{"line":37,"column":2},"end":{"line":43,"column":null}}}},"branchMap":{},"s":{"0":5,"1":5,"2":5,"3":5,"4":0,"5":5,"6":5,"7":5,"8":0,"9":5,"10":5,"11":5,"12":0,"13":5,"14":5},"f":{"0":0,"1":0,"2":0},"b":{}}
,"D:\\Lumitech\\starwars-app\\src\\components\\ui\\button.tsx": {"path":"D:\\Lumitech\\starwars-app\\src\\components\\ui\\button.tsx","statementMap":{"0":{"start":{"line":1,"column":0},"end":{"line":1,"column":30}},"1":{"start":{"line":2,"column":0},"end":{"line":2,"column":43}},"2":{"start":{"line":3,"column":0},"end":{"line":3,"column":65}},"3":{"start":{"line":5,"column":0},"end":{"line":5,"column":39}},"4":{"start":{"line":7,"column":23},"end":{"line":35,"column":null}},"5":{"start":{"line":58,"column":17},"end":{"line":58,"column":31}},"6":{"start":{"line":44,"column":15},"end":{"line":54,"column":null}},"7":{"start":{"line":46,"column":17},"end":{"line":46,"column":42}},"8":{"start":{"line":47,"column":4},"end":{"line":53,"column":null}},"9":{"start":{"line":58,"column":9},"end":{"line":58,"column":15}},"10":{"start":{"line":56,"column":0},"end":{"line":56,"column":null}}},"fnMap":{"0":{"name":"(anonymous_6)","decl":{"start":{"line":45,"column":2},"end":{"line":45,"column":3}},"loc":{"start":{"line":45,"column":67},"end":{"line":54,"column":3}}}},"branchMap":{"0":{"loc":{"start":{"line":45,"column":31},"end":{"line":45,"column":46}},"type":"default-arg","locations":[{"start":{"line":45,"column":41},"end":{"line":45,"column":46}}]},"1":{"loc":{"start":{"line":46,"column":17},"end":{"line":46,"column":42}},"type":"cond-expr","locations":[{"start":{"line":46,"column":27},"end":{"line":46,"column":31}},{"start":{"line":46,"column":34},"end":{"line":46,"column":42}}]}},"s":{"0":5,"1":5,"2":5,"3":5,"4":5,"5":5,"6":5,"7":130,"8":130,"9":5,"10":5},"f":{"0":130},"b":{"0":[130],"1":[0,130]}}
,"D:\\Lumitech\\starwars-app\\src\\components\\ui\\card.tsx": {"path":"D:\\Lumitech\\starwars-app\\src\\components\\ui\\card.tsx","statementMap":{"0":{"start":{"line":1,"column":0},"end":{"line":1,"column":30}},"1":{"start":{"line":3,"column":0},"end":{"line":3,"column":39}},"2":{"start":{"line":5,"column":13},"end":{"line":17,"column":2}},"3":{"start":{"line":9,"column":2},"end":{"line":15,"column":null}},"4":{"start":{"line":79,"column":9},"end":{"line":79,"column":13}},"5":{"start":{"line":18,"column":0},"end":{"line":18,"column":null}},"6":{"start":{"line":20,"column":19},"end":{"line":29,"column":2}},"7":{"start":{"line":24,"column":2},"end":{"line":27,"column":null}},"8":{"start":{"line":79,"column":15},"end":{"line":79,"column":25}},"9":{"start":{"line":30,"column":0},"end":{"line":30,"column":null}},"10":{"start":{"line":32,"column":18},"end":{"line":44,"column":2}},"11":{"start":{"line":36,"column":2},"end":{"line":42,"column":null}},"12":{"start":{"line":79,"column":39},"end":{"line":79,"column":48}},"13":{"start":{"line":45,"column":0},"end":{"line":45,"column":null}},"14":{"start":{"line":47,"column":24},"end":{"line":56,"column":2}},"15":{"start":{"line":51,"column":2},"end":{"line":54,"column":null}},"16":{"start":{"line":79,"column":50},"end":{"line":79,"column":65}},"17":{"start":{"line":57,"column":0},"end":{"line":57,"column":null}},"18":{"start":{"line":59,"column":20},"end":{"line":64,"column":2}},"19":{"start":{"line":63,"column":2},"end":{"line":63,"column":68}},"20":{"start":{"line":79,"column":67},"end":{"line":79,"column":78}},"21":{"start":{"line":65,"column":0},"end":{"line":65,"column":null}},"22":{"start":{"line":67,"column":19},"end":{"line":76,"column":2}},"23":{"start":{"line":71,"column":2},"end":{"line":74,"column":null}},"24":{"start":{"line":79,"column":27},"end":{"line":79,"column":37}},"25":{"start":{"line":77,"column":0},"end":{"line":77,"column":null}}},"fnMap":{"0":{"name":"(anonymous_6)","decl":{"start":{"line":8,"column":2},"end":{"line":8,"column":3}},"loc":{"start":{"line":9,"column":2},"end":{"line":15,"column":null}}},"1":{"name":"(anonymous_7)","decl":{"start":{"line":23,"column":2},"end":{"line":23,"column":3}},"loc":{"start":{"line":24,"column":2},"end":{"line":27,"column":null}}},"2":{"name":"(anonymous_8)","decl":{"start":{"line":35,"column":2},"end":{"line":35,"column":3}},"loc":{"start":{"line":36,"column":2},"end":{"line":42,"column":null}}},"3":{"name":"(anonymous_9)","decl":{"start":{"line":50,"column":2},"end":{"line":50,"column":3}},"loc":{"start":{"line":51,"column":2},"end":{"line":54,"column":null}}},"4":{"name":"(anonymous_10)","decl":{"start":{"line":62,"column":2},"end":{"line":62,"column":3}},"loc":{"start":{"line":63,"column":2},"end":{"line":63,"column":68}}},"5":{"name":"(anonymous_11)","decl":{"start":{"line":70,"column":2},"end":{"line":70,"column":3}},"loc":{"start":{"line":71,"column":2},"end":{"line":74,"column":null}}}},"branchMap":{},"s":{"0":5,"1":5,"2":5,"3":6,"4":5,"5":5,"6":5,"7":6,"8":5,"9":5,"10":5,"11":2,"12":5,"13":5,"14":5,"15":0,"16":5,"17":5,"18":5,"19":2,"20":5,"21":5,"22":5,"23":0,"24":5,"25":5},"f":{"0":6,"1":6,"2":2,"3":0,"4":2,"5":0},"b":{}}
,"D:\\Lumitech\\starwars-app\\src\\components\\ui\\index.ts": {"path":"D:\\Lumitech\\starwars-app\\src\\components\\ui\\index.ts","statementMap":{"0":{"start":{"line":1,"column":0},"end":{"line":1,"column":25}},"1":{"start":{"line":2,"column":0},"end":{"line":2,"column":25}},"2":{"start":{"line":3,"column":0},"end":{"line":3,"column":23}},"3":{"start":{"line":4,"column":0},"end":{"line":4,"column":29}},"4":{"start":{"line":5,"column":0},"end":{"line":5,"column":27}},"5":{"start":{"line":6,"column":0},"end":{"line":6,"column":29}}},"fnMap":{},"branchMap":{},"s":{"0":5,"1":5,"2":5,"3":5,"4":5,"5":5},"f":{},"b":{}}
,"D:\\Lumitech\\starwars-app\\src\\components\\ui\\pagination.tsx": {"path":"D:\\Lumitech\\starwars-app\\src\\components\\ui\\pagination.tsx","statementMap":{"0":{"start":{"line":1,"column":0},"end":{"line":1,"column":68}},"1":{"start":{"line":2,"column":0},"end":{"line":2,"column":34}},"2":{"start":{"line":3,"column":0},"end":{"line":3,"column":42}},"3":{"start":{"line":4,"column":0},"end":{"line":4,"column":40}},"4":{"start":{"line":14,"column":53},"end":{"line":96,"column":1}},"5":{"start":{"line":21,"column":26},"end":{"line":26,"column":4}},"6":{"start":{"line":28,"column":2},"end":{"line":30,"column":3}},"7":{"start":{"line":29,"column":4},"end":{"line":29,"column":16}},"8":{"start":{"line":32,"column":17},"end":{"line":34,"column":3}},"9":{"start":{"line":33,"column":4},"end":{"line":33,"column":34}},"10":{"start":{"line":36,"column":21},"end":{"line":38,"column":3}},"11":{"start":{"line":37,"column":4},"end":{"line":37,"column":34}},"12":{"start":{"line":40,"column":19},"end":{"line":40,"column":63}},"13":{"start":{"line":42,"column":2},"end":{"line":95,"column":4}},"14":{"start":{"line":57,"column":8},"end":{"line":65,"column":9}},"15":{"start":{"line":58,"column":10},"end":{"line":64,"column":12}},"16":{"start":{"line":67,"column":8},"end":{"line":80,"column":10}},"17":{"start":{"line":70,"column":29},"end":{"line":70,"column":61}},"18":{"start":{"line":14,"column":13},"end":{"line":14,"column":53}}},"fnMap":{"0":{"name":"(anonymous_0)","decl":{"start":{"line":14,"column":53},"end":{"line":14,"column":54}},"loc":{"start":{"line":20,"column":5},"end":{"line":96,"column":1}}},"1":{"name":"(anonymous_1)","decl":{"start":{"line":32,"column":17},"end":{"line":32,"column":20}},"loc":{"start":{"line":32,"column":22},"end":{"line":34,"column":3}}},"2":{"name":"(anonymous_2)","decl":{"start":{"line":36,"column":21},"end":{"line":36,"column":24}},"loc":{"start":{"line":36,"column":26},"end":{"line":38,"column":3}}},"3":{"name":"(anonymous_3)","decl":{"start":{"line":56,"column":27},"end":{"line":56,"column":28}},"loc":{"start":{"line":56,"column":42},"end":{"line":81,"column":7}}},"4":{"name":"(anonymous_4)","decl":{"start":{"line":70,"column":23},"end":{"line":70,"column":26}},"loc":{"start":{"line":70,"column":29},"end":{"line":70,"column":61}}}},"branchMap":{"0":{"loc":{"start":{"line":17,"column":2},"end":{"line":17,"column":18}},"type":"default-arg","locations":[{"start":{"line":17,"column":17},"end":{"line":17,"column":18}}]},"1":{"loc":{"start":{"line":19,"column":2},"end":{"line":19,"column":15}},"type":"default-arg","locations":[{"start":{"line":19,"column":13},"end":{"line":19,"column":15}}]},"2":{"loc":{"start":{"line":28,"column":2},"end":{"line":30,"column":3}},"type":"if","locations":[{"start":{"line":28,"column":2},"end":{"line":30,"column":3}}]},"3":{"loc":{"start":{"line":28,"column":6},"end":{"line":28,"column":53}},"type":"binary-expr","locations":[{"start":{"line":28,"column":6},"end":{"line":28,"column":23}},{"start":{"line":28,"column":27},"end":{"line":28,"column":53}}]},"4":{"loc":{"start":{"line":57,"column":8},"end":{"line":65,"column":9}},"type":"if","locations":[{"start":{"line":57,"column":8},"end":{"line":65,"column":9}}]}},"s":{"0":5,"1":5,"2":5,"3":5,"4":5,"5":15,"6":15,"7":0,"8":15,"9":0,"10":15,"11":0,"12":15,"13":15,"14":60,"15":15,"16":45,"17":0,"18":5},"f":{"0":15,"1":0,"2":0,"3":60,"4":0},"b":{"0":[15],"1":[15],"2":[0],"3":[15,15],"4":[15]}}
,"D:\\Lumitech\\starwars-app\\src\\components\\ui\\skeleton.tsx": {"path":"D:\\Lumitech\\starwars-app\\src\\components\\ui\\skeleton.tsx","statementMap":{"0":{"start":{"line":15,"column":9},"end":{"line":15,"column":17}},"1":{"start":{"line":1,"column":0},"end":{"line":1,"column":39}},"2":{"start":{"line":7,"column":2},"end":{"line":12,"column":null}}},"fnMap":{"0":{"name":"Skeleton","decl":{"start":{"line":3,"column":9},"end":{"line":3,"column":17}},"loc":{"start":{"line":6,"column":39},"end":{"line":13,"column":1}}}},"branchMap":{},"s":{"0":5,"1":5,"2":12},"f":{"0":12},"b":{}}
,"D:\\Lumitech\\starwars-app\\src\\components\\ui\\typography.tsx": {"path":"D:\\Lumitech\\starwars-app\\src\\components\\ui\\typography.tsx","statementMap":{"0":{"start":{"line":7,"column":2},"end":{"line":11,"column":4}},"1":{"start":{"line":15,"column":2},"end":{"line":19,"column":4}},"2":{"start":{"line":23,"column":2},"end":{"line":27,"column":4}},"3":{"start":{"line":31,"column":2},"end":{"line":35,"column":4}},"4":{"start":{"line":39,"column":2},"end":{"line":43,"column":4}},"5":{"start":{"line":46,"column":13},"end":{"line":52,"column":2}}},"fnMap":{"0":{"name":"P","decl":{"start":{"line":6,"column":9},"end":{"line":6,"column":10}},"loc":{"start":{"line":6,"column":51},"end":{"line":12,"column":1}}},"1":{"name":"H1","decl":{"start":{"line":14,"column":9},"end":{"line":14,"column":11}},"loc":{"start":{"line":14,"column":52},"end":{"line":20,"column":1}}},"2":{"name":"H2","decl":{"start":{"line":22,"column":9},"end":{"line":22,"column":11}},"loc":{"start":{"line":22,"column":52},"end":{"line":28,"column":1}}},"3":{"name":"H3","decl":{"start":{"line":30,"column":9},"end":{"line":30,"column":11}},"loc":{"start":{"line":30,"column":52},"end":{"line":36,"column":1}}},"4":{"name":"H4","decl":{"start":{"line":38,"column":9},"end":{"line":38,"column":11}},"loc":{"start":{"line":38,"column":52},"end":{"line":44,"column":1}}}},"branchMap":{},"s":{"0":229,"1":2,"2":2,"3":0,"4":0,"5":5},"f":{"0":229,"1":2,"2":2,"3":0,"4":0},"b":{}}
,"D:\\Lumitech\\starwars-app\\src\\features\\character-details.tsx": {"path":"D:\\Lumitech\\starwars-app\\src\\features\\character-details.tsx","statementMap":{"0":{"start":{"line":2,"column":0},"end":{"line":2,"column":44}},"1":{"start":{"line":3,"column":0},"end":{"line":3,"column":46}},"2":{"start":{"line":4,"column":0},"end":{"line":4,"column":80}},"3":{"start":{"line":5,"column":0},"end":{"line":5,"column":55}},"4":{"start":{"line":7,"column":0},"end":{"line":7,"column":45}},"5":{"start":{"line":8,"column":0},"end":{"line":8,"column":32}},"6":{"start":{"line":10,"column":32},"end":{"line":89,"column":1}},"7":{"start":{"line":11,"column":26},"end":{"line":11,"column":37}},"8":{"start":{"line":12,"column":26},"end":{"line":12,"column":58}},"9":{"start":{"line":13,"column":32},"end":{"line":13,"column":46}},"10":{"start":{"line":15,"column":2},"end":{"line":26,"column":20}},"11":{"start":{"line":16,"column":29},"end":{"line":23,"column":5}},"12":{"start":{"line":17,"column":23},"end":{"line":17,"column":71}},"13":{"start":{"line":18,"column":19},"end":{"line":18,"column":40}},"14":{"start":{"line":20,"column":6},"end":{"line":20,"column":20}},"15":{"start":{"line":22,"column":6},"end":{"line":22,"column":24}},"16":{"start":{"line":25,"column":4},"end":{"line":25,"column":23}},"17":{"start":{"line":28,"column":2},"end":{"line":88,"column":4}},"18":{"start":{"line":10,"column":13},"end":{"line":10,"column":32}}},"fnMap":{"0":{"name":"(anonymous_0)","decl":{"start":{"line":10,"column":32},"end":{"line":10,"column":35}},"loc":{"start":{"line":10,"column":37},"end":{"line":89,"column":1}}},"1":{"name":"(anonymous_1)","decl":{"start":{"line":15,"column":12},"end":{"line":15,"column":15}},"loc":{"start":{"line":15,"column":17},"end":{"line":26,"column":3}}},"2":{"name":"(anonymous_2)","decl":{"start":{"line":16,"column":29},"end":{"line":16,"column":34}},"loc":{"start":{"line":16,"column":40},"end":{"line":23,"column":5}}}},"branchMap":{"0":{"loc":{"start":{"line":31,"column":9},"end":{"line":39,"column":null}},"type":"cond-expr","locations":[{"start":{"line":32,"column":10},"end":{"line":32,"column":107}},{"start":{"line":34,"column":10},"end":{"line":38,"column":null}}]},"1":{"loc":{"start":{"line":43,"column":11},"end":{"line":46,"column":null}},"type":"cond-expr","locations":[{"start":{"line":44,"column":12},"end":{"line":44,"column":55}},{"start":{"line":46,"column":12},"end":{"line":46,"column":82}}]},"2":{"loc":{"start":{"line":48,"column":11},"end":{"line":81,"column":null}},"type":"cond-expr","locations":[{"start":{"line":49,"column":12},"end":{"line":49,"column":56}},{"start":{"line":51,"column":12},"end":{"line":80,"column":null}}]}},"s":{"0":4,"1":4,"2":4,"3":4,"4":4,"5":4,"6":4,"7":6,"8":6,"9":6,"10":6,"11":4,"12":4,"13":3,"14":3,"15":3,"16":4,"17":6,"18":4},"f":{"0":6,"1":4,"2":4},"b":{"0":[4,2],"1":[4,2],"2":[4,2]}}
,"D:\\Lumitech\\starwars-app\\src\\features\\character-list.tsx": {"path":"D:\\Lumitech\\starwars-app\\src\\features\\character-list.tsx","statementMap":{"0":{"start":{"line":1,"column":0},"end":{"line":1,"column":44}},"1":{"start":{"line":2,"column":0},"end":{"line":2,"column":46}},"2":{"start":{"line":4,"column":0},"end":{"line":4,"column":65}},"3":{"start":{"line":5,"column":0},"end":{"line":5,"column":40}},"4":{"start":{"line":7,"column":29},"end":{"line":70,"column":1}},"5":{"start":{"line":8,"column":30},"end":{"line":8,"column":55}},"6":{"start":{"line":9,"column":26},"end":{"line":9,"column":37}},"7":{"start":{"line":10,"column":28},"end":{"line":10,"column":41}},"8":{"start":{"line":11,"column":36},"end":{"line":11,"column":51}},"9":{"start":{"line":13,"column":2},"end":{"line":23,"column":13}},"10":{"start":{"line":14,"column":24},"end":{"line":20,"column":5}},"11":{"start":{"line":15,"column":6},"end":{"line":15,"column":25}},"12":{"start":{"line":16,"column":23},"end":{"line":16,"column":54}},"13":{"start":{"line":17,"column":6},"end":{"line":17,"column":36}},"14":{"start":{"line":18,"column":6},"end":{"line":18,"column":39}},"15":{"start":{"line":19,"column":6},"end":{"line":19,"column":26}},"16":{"start":{"line":22,"column":4},"end":{"line":22,"column":18}},"17":{"start":{"line":25,"column":27},"end":{"line":27,"column":3}},"18":{"start":{"line":26,"column":4},"end":{"line":26,"column":18}},"19":{"start":{"line":29,"column":2},"end":{"line":31,"column":3}},"20":{"start":{"line":30,"column":4},"end":{"line":30,"column":51}},"21":{"start":{"line":33,"column":2},"end":{"line":69,"column":4}},"22":{"start":{"line":37,"column":10},"end":{"line":37,"column":23}},"23":{"start":{"line":7,"column":13},"end":{"line":7,"column":29}}},"fnMap":{"0":{"name":"(anonymous_0)","decl":{"start":{"line":7,"column":29},"end":{"line":7,"column":32}},"loc":{"start":{"line":7,"column":34},"end":{"line":70,"column":1}}},"1":{"name":"(anonymous_1)","decl":{"start":{"line":13,"column":12},"end":{"line":13,"column":15}},"loc":{"start":{"line":13,"column":17},"end":{"line":23,"column":3}}},"2":{"name":"(anonymous_2)","decl":{"start":{"line":14,"column":24},"end":{"line":14,"column":29}},"loc":{"start":{"line":14,"column":35},"end":{"line":20,"column":5}}},"3":{"name":"(anonymous_3)","decl":{"start":{"line":25,"column":27},"end":{"line":25,"column":28}},"loc":{"start":{"line":25,"column":44},"end":{"line":27,"column":3}}},"4":{"name":"(anonymous_4)","decl":{"start":{"line":36,"column":20},"end":{"line":36,"column":21}},"loc":{"start":{"line":37,"column":10},"end":{"line":37,"column":23}}}},"branchMap":{"0":{"loc":{"start":{"line":29,"column":2},"end":{"line":31,"column":3}},"type":"if","locations":[{"start":{"line":29,"column":2},"end":{"line":31,"column":3}}]}},"s":{"0":4,"1":4,"2":4,"3":4,"4":4,"5":14,"6":14,"7":14,"8":14,"9":14,"10":5,"11":5,"12":5,"13":4,"14":4,"15":4,"16":5,"17":14,"18":0,"19":14,"20":5,"21":9,"22":40,"23":4},"f":{"0":14,"1":5,"2":5,"3":0,"4":40},"b":{"0":[5]}}
,"D:\\Lumitech\\starwars-app\\src\\features\\graph.tsx": {"path":"D:\\Lumitech\\starwars-app\\src\\features\\graph.tsx","statementMap":{"0":{"start":{"line":1,"column":0},"end":{"line":1,"column":65}},"1":{"start":{"line":3,"column":0},"end":{"line":3,"column":null}},"2":{"start":{"line":11,"column":0},"end":{"line":11,"column":38}},"3":{"start":{"line":12,"column":0},"end":{"line":12,"column":47}},"4":{"start":{"line":18,"column":21},"end":{"line":70,"column":1}},"5":{"start":{"line":19,"column":28},"end":{"line":19,"column":51}},"6":{"start":{"line":20,"column":28},"end":{"line":20,"column":51}},"7":{"start":{"line":22,"column":27},"end":{"line":50,"column":26}},"8":{"start":{"line":23,"column":4},"end":{"line":49,"column":5}},"9":{"start":{"line":25,"column":49},"end":{"line":25,"column":72}},"10":{"start":{"line":26,"column":49},"end":{"line":26,"column":84}},"11":{"start":{"line":28,"column":23},"end":{"line":38,"column":null}},"12":{"start":{"line":40,"column":23},"end":{"line":43,"column":null}},"13":{"start":{"line":45,"column":6},"end":{"line":45,"column":25}},"14":{"start":{"line":46,"column":6},"end":{"line":46,"column":35}},"15":{"start":{"line":48,"column":6},"end":{"line":48,"column":59}},"16":{"start":{"line":52,"column":2},"end":{"line":56,"column":31}},"17":{"start":{"line":53,"column":4},"end":{"line":55,"column":5}},"18":{"start":{"line":54,"column":6},"end":{"line":54,"column":29}},"19":{"start":{"line":58,"column":2},"end":{"line":69,"column":4}},"20":{"start":{"line":18,"column":13},"end":{"line":18,"column":21}}},"fnMap":{"0":{"name":"(anonymous_0)","decl":{"start":{"line":18,"column":21},"end":{"line":18,"column":22}},"loc":{"start":{"line":18,"column":41},"end":{"line":70,"column":1}}},"1":{"name":"(anonymous_1)","decl":{"start":{"line":22,"column":39},"end":{"line":22,"column":44}},"loc":{"start":{"line":22,"column":65},"end":{"line":50,"column":3}}},"2":{"name":"(anonymous_2)","decl":{"start":{"line":52,"column":12},"end":{"line":52,"column":15}},"loc":{"start":{"line":52,"column":17},"end":{"line":56,"column":3}}}},"branchMap":{"0":{"loc":{"start":{"line":53,"column":4},"end":{"line":55,"column":5}},"type":"if","locations":[{"start":{"line":53,"column":4},"end":{"line":55,"column":5}}]}},"s":{"0":4,"1":4,"2":4,"3":4,"4":4,"5":8,"6":8,"7":8,"8":4,"9":4,"10":3,"11":2,"12":2,"13":2,"14":2,"15":1,"16":8,"17":8,"18":4,"19":8,"20":4},"f":{"0":8,"1":4,"2":8},"b":{"0":[4]}}
,"D:\\Lumitech\\starwars-app\\src\\features\\index.ts": {"path":"D:\\Lumitech\\starwars-app\\src\\features\\index.ts","statementMap":{"0":{"start":{"line":1,"column":0},"end":{"line":1,"column":9}},"1":{"start":{"line":1,"column":9},"end":{"line":1,"column":54}},"2":{"start":{"line":2,"column":0},"end":{"line":2,"column":9}},"3":{"start":{"line":2,"column":9},"end":{"line":2,"column":48}},"4":{"start":{"line":3,"column":0},"end":{"line":3,"column":9}},"5":{"start":{"line":3,"column":9},"end":{"line":3,"column":31}}},"fnMap":{"0":{"name":"(anonymous_0)","decl":{"start":{"line":1,"column":9},"end":{"line":1,"column":25}},"loc":{"start":{"line":1,"column":9},"end":{"line":1,"column":54}}},"1":{"name":"(anonymous_1)","decl":{"start":{"line":2,"column":9},"end":{"line":2,"column":22}},"loc":{"start":{"line":2,"column":9},"end":{"line":2,"column":48}}},"2":{"name":"(anonymous_2)","decl":{"start":{"line":3,"column":9},"end":{"line":3,"column":14}},"loc":{"start":{"line":3,"column":9},"end":{"line":3,"column":31}}}},"branchMap":{},"s":{"0":4,"1":10,"2":4,"3":9,"4":4,"5":6},"f":{"0":6,"1":5,"2":2},"b":{}}
,"D:\\Lumitech\\starwars-app\\src\\shared\\hooks\\use-pagination.ts": {"path":"D:\\Lumitech\\starwars-app\\src\\shared\\hooks\\use-pagination.ts","statementMap":{"0":{"start":{"line":1,"column":0},"end":{"line":1,"column":32}},"1":{"start":{"line":3,"column":13},"end":{"line":3,"column":26}},"2":{"start":{"line":5,"column":14},"end":{"line":8,"column":1}},"3":{"start":{"line":6,"column":17},"end":{"line":6,"column":32}},"4":{"start":{"line":7,"column":2},"end":{"line":7,"column":57}},"5":{"start":{"line":7,"column":44},"end":{"line":7,"column":55}},"6":{"start":{"line":17,"column":29},"end":{"line":56,"column":1}},"7":{"start":{"line":18,"column":26},"end":{"line":53,"column":55}},"8":{"start":{"line":19,"column":27},"end":{"line":19,"column":59}},"9":{"start":{"line":21,"column":29},"end":{"line":21,"column":45}},"10":{"start":{"line":23,"column":4},"end":{"line":25,"column":5}},"11":{"start":{"line":24,"column":6},"end":{"line":24,"column":38}},"12":{"start":{"line":27,"column":29},"end":{"line":27,"column":68}},"13":{"start":{"line":28,"column":30},"end":{"line":28,"column":82}},"14":{"start":{"line":30,"column":31},"end":{"line":30,"column":51}},"15":{"start":{"line":31,"column":32},"end":{"line":31,"column":70}},"16":{"start":{"line":33,"column":27},"end":{"line":33,"column":28}},"17":{"start":{"line":34,"column":26},"end":{"line":34,"column":40}},"18":{"start":{"line":36,"column":4},"end":{"line":41,"column":5}},"19":{"start":{"line":37,"column":28},"end":{"line":37,"column":44}},"20":{"start":{"line":38,"column":24},"end":{"line":38,"column":47}},"21":{"start":{"line":40,"column":6},"end":{"line":40,"column":50}},"22":{"start":{"line":43,"column":4},"end":{"line":47,"column":5}},"23":{"start":{"line":44,"column":29},"end":{"line":44,"column":49}},"24":{"start":{"line":45,"column":25},"end":{"line":45,"column":83}},"25":{"start":{"line":46,"column":6},"end":{"line":46,"column":51}},"26":{"start":{"line":49,"column":4},"end":{"line":52,"column":5}},"27":{"start":{"line":50,"column":26},"end":{"line":50,"column":68}},"28":{"start":{"line":51,"column":6},"end":{"line":51,"column":73}},"29":{"start":{"line":55,"column":2},"end":{"line":55,"column":37}},"30":{"start":{"line":17,"column":13},"end":{"line":17,"column":29}}},"fnMap":{"0":{"name":"(anonymous_0)","decl":{"start":{"line":5,"column":14},"end":{"line":5,"column":15}},"loc":{"start":{"line":5,"column":45},"end":{"line":8,"column":1}}},"1":{"name":"(anonymous_1)","decl":{"start":{"line":7,"column":32},"end":{"line":7,"column":33}},"loc":{"start":{"line":7,"column":44},"end":{"line":7,"column":55}}},"2":{"name":"(anonymous_2)","decl":{"start":{"line":17,"column":29},"end":{"line":17,"column":30}},"loc":{"start":{"line":17,"column":106},"end":{"line":56,"column":1}}},"3":{"name":"(anonymous_3)","decl":{"start":{"line":18,"column":34},"end":{"line":18,"column":37}},"loc":{"start":{"line":18,"column":39},"end":{"line":53,"column":3}}}},"branchMap":{"0":{"loc":{"start":{"line":17,"column":54},"end":{"line":17,"column":70}},"type":"default-arg","locations":[{"start":{"line":17,"column":69},"end":{"line":17,"column":70}}]},"1":{"loc":{"start":{"line":23,"column":4},"end":{"line":25,"column":5}},"type":"if","locations":[{"start":{"line":23,"column":4},"end":{"line":25,"column":5}}]},"2":{"loc":{"start":{"line":36,"column":4},"end":{"line":41,"column":5}},"type":"if","locations":[{"start":{"line":36,"column":4},"end":{"line":41,"column":5}}]},"3":{"loc":{"start":{"line":36,"column":8},"end":{"line":36,"column":50}},"type":"binary-expr","locations":[{"start":{"line":36,"column":8},"end":{"line":36,"column":27}},{"start":{"line":36,"column":31},"end":{"line":36,"column":50}}]},"4":{"loc":{"start":{"line":43,"column":4},"end":{"line":47,"column":5}},"type":"if","locations":[{"start":{"line":43,"column":4},"end":{"line":47,"column":5}}]},"5":{"loc":{"start":{"line":43,"column":8},"end":{"line":43,"column":50}},"type":"binary-expr","locations":[{"start":{"line":43,"column":8},"end":{"line":43,"column":26}},{"start":{"line":43,"column":30},"end":{"line":43,"column":50}}]},"6":{"loc":{"start":{"line":49,"column":4},"end":{"line":52,"column":5}},"type":"if","locations":[{"start":{"line":49,"column":4},"end":{"line":52,"column":5}}]},"7":{"loc":{"start":{"line":49,"column":8},"end":{"line":49,"column":49}},"type":"binary-expr","locations":[{"start":{"line":49,"column":8},"end":{"line":49,"column":26}},{"start":{"line":49,"column":30},"end":{"line":49,"column":49}}]}},"s":{"0":5,"1":5,"2":5,"3":15,"4":15,"5":30,"6":5,"7":15,"8":15,"9":15,"10":15,"11":0,"12":15,"13":15,"14":15,"15":15,"16":15,"17":15,"18":15,"19":15,"20":15,"21":15,"22":0,"23":0,"24":0,"25":0,"26":0,"27":0,"28":0,"29":15,"30":5},"f":{"0":15,"1":30,"2":15,"3":15},"b":{"0":[0],"1":[0],"2":[15],"3":[15,15],"4":[0],"5":[0,0],"6":[0],"7":[0,0]}}
,"D:\\Lumitech\\starwars-app\\src\\shared\\lib\\utils.ts": {"path":"D:\\Lumitech\\starwars-app\\src\\shared\\lib\\utils.ts","statementMap":{"0":{"start":{"line":4,"column":0},"end":{"line":4,"column":16}},"1":{"start":{"line":1,"column":0},"end":{"line":1,"column":44}},"2":{"start":{"line":2,"column":0},"end":{"line":2,"column":40}},"3":{"start":{"line":5,"column":2},"end":{"line":5,"column":null}}},"fnMap":{"0":{"name":"cn","decl":{"start":{"line":4,"column":16},"end":{"line":4,"column":18}},"loc":{"start":{"line":4,"column":42},"end":{"line":6,"column":1}}}},"branchMap":{},"s":{"0":5,"1":5,"2":5,"3":203},"f":{"0":203},"b":{}}
,"D:\\Lumitech\\starwars-app\\src\\shared\\services\\axios.ts": {"path":"D:\\Lumitech\\starwars-app\\src\\shared\\services\\axios.ts","statementMap":{"0":{"start":{"line":1,"column":0},"end":{"line":1,"column":26}},"1":{"start":{"line":3,"column":13},"end":{"line":5,"column":3}}},"fnMap":{},"branchMap":{},"s":{"0":5,"1":5},"f":{},"b":{}}
,"D:\\Lumitech\\starwars-app\\src\\shared\\services\\films.ts": {"path":"D:\\Lumitech\\starwars-app\\src\\shared\\services\\films.ts","statementMap":{"0":{"start":{"line":1,"column":0},"end":{"line":1,"column":26}},"1":{"start":{"line":4,"column":27},"end":{"line":44,"column":1}},"2":{"start":{"line":5,"column":22},"end":{"line":5,"column":54}},"3":{"start":{"line":7,"column":21},"end":{"line":8,"column":null}},"4":{"start":{"line":11,"column":17},"end":{"line":11,"column":50}},"5":{"start":{"line":14,"column":21},"end":{"line":26,"column":5}},"6":{"start":{"line":14,"column":51},"end":{"line":26,"column":4}},"7":{"start":{"line":29,"column":21},"end":{"line":41,"column":5}},"8":{"start":{"line":29,"column":44},"end":{"line":41,"column":4}},"9":{"start":{"line":43,"column":2},"end":{"line":43,"column":44}},"10":{"start":{"line":4,"column":13},"end":{"line":4,"column":27}}},"fnMap":{"0":{"name":"(anonymous_1)","decl":{"start":{"line":4,"column":27},"end":{"line":4,"column":32}},"loc":{"start":{"line":4,"column":53},"end":{"line":44,"column":1}}},"1":{"name":"(anonymous_2)","decl":{"start":{"line":14,"column":32},"end":{"line":14,"column":33}},"loc":{"start":{"line":14,"column":51},"end":{"line":26,"column":4}}},"2":{"name":"(anonymous_3)","decl":{"start":{"line":29,"column":32},"end":{"line":29,"column":33}},"loc":{"start":{"line":29,"column":44},"end":{"line":41,"column":4}}}},"branchMap":{},"s":{"0":5,"1":5,"2":5,"3":5,"4":4,"5":4,"6":9,"7":4,"8":9,"9":4,"10":5},"f":{"0":5,"1":9,"2":9},"b":{}}
,"D:\\Lumitech\\starwars-app\\src\\shared\\services\\heroes.tsx": {"path":"D:\\Lumitech\\starwars-app\\src\\shared\\services\\heroes.tsx","statementMap":{"0":{"start":{"line":2,"column":0},"end":{"line":2,"column":32}},"1":{"start":{"line":11,"column":18},"end":{"line":13,"column":1}},"2":{"start":{"line":12,"column":2},"end":{"line":12,"column":44}},"3":{"start":{"line":15,"column":20},"end":{"line":19,"column":1}},"4":{"start":{"line":16,"column":15},"end":{"line":16,"column":67}},"5":{"start":{"line":18,"column":2},"end":{"line":18,"column":14}},"6":{"start":{"line":21,"column":23},"end":{"line":66,"column":1}},"7":{"start":{"line":23,"column":19},"end":{"line":23,"column":46}},"8":{"start":{"line":25,"column":2},"end":{"line":55,"column":3}},"9":{"start":{"line":26,"column":4},"end":{"line":54,"column":5}},"10":{"start":{"line":27,"column":24},"end":{"line":27,"column":26}},"11":{"start":{"line":29,"column":6},"end":{"line":33,"column":7}},"12":{"start":{"line":30,"column":8},"end":{"line":30,"column":50}},"13":{"start":{"line":32,"column":8},"end":{"line":32,"column":40}},"14":{"start":{"line":35,"column":21},"end":{"line":35,"column":23}},"15":{"start":{"line":36,"column":6},"end":{"line":51,"column":7}},"16":{"start":{"line":38,"column":10},"end":{"line":38,"column":46}},"17":{"start":{"line":39,"column":10},"end":{"line":39,"column":16}},"18":{"start":{"line":41,"column":10},"end":{"line":41,"column":48}},"19":{"start":{"line":42,"column":10},"end":{"line":42,"column":16}},"20":{"start":{"line":44,"column":10},"end":{"line":44,"column":48}},"21":{"start":{"line":45,"column":10},"end":{"line":45,"column":16}},"22":{"start":{"line":47,"column":10},"end":{"line":47,"column":50}},"23":{"start":{"line":48,"column":10},"end":{"line":48,"column":16}},"24":{"start":{"line":50,"column":10},"end":{"line":50,"column":19}},"25":{"start":{"line":53,"column":6},"end":{"line":53,"column":59}},"26":{"start":{"line":57,"column":20},"end":{"line":57,"column":73}},"27":{"start":{"line":57,"column":60},"end":{"line":57,"column":71}},"28":{"start":{"line":59,"column":41},"end":{"line":59,"column":43}},"29":{"start":{"line":61,"column":2},"end":{"line":63,"column":5}},"30":{"start":{"line":62,"column":4},"end":{"line":62,"column":56}},"31":{"start":{"line":65,"column":2},"end":{"line":65,"column":16}},"32":{"start":{"line":68,"column":13},"end":{"line":72,"column":2}}},"fnMap":{"0":{"name":"(anonymous_0)","decl":{"start":{"line":11,"column":18},"end":{"line":11,"column":19}},"loc":{"start":{"line":11,"column":35},"end":{"line":13,"column":1}}},"1":{"name":"(anonymous_1)","decl":{"start":{"line":15,"column":20},"end":{"line":15,"column":25}},"loc":{"start":{"line":15,"column":41},"end":{"line":19,"column":1}}},"2":{"name":"(anonymous_2)","decl":{"start":{"line":21,"column":23},"end":{"line":21,"column":28}},"loc":{"start":{"line":21,"column":53},"end":{"line":66,"column":1}}},"3":{"name":"(anonymous_3)","decl":{"start":{"line":57,"column":51},"end":{"line":57,"column":52}},"loc":{"start":{"line":57,"column":60},"end":{"line":57,"column":71}}},"4":{"name":"(anonymous_4)","decl":{"start":{"line":61,"column":20},"end":{"line":61,"column":21}},"loc":{"start":{"line":61,"column":40},"end":{"line":63,"column":3}}}},"branchMap":{"0":{"loc":{"start":{"line":25,"column":2},"end":{"line":55,"column":3}},"type":"if","locations":[{"start":{"line":25,"column":2},"end":{"line":55,"column":3}}]},"1":{"loc":{"start":{"line":29,"column":6},"end":{"line":33,"column":7}},"type":"if","locations":[{"start":{"line":29,"column":6},"end":{"line":33,"column":7}},{"start":{"line":31,"column":13},"end":{"line":33,"column":7}}]},"2":{"loc":{"start":{"line":36,"column":6},"end":{"line":51,"column":7}},"type":"switch","locations":[{"start":{"line":37,"column":8},"end":{"line":39,"column":16}},{"start":{"line":40,"column":8},"end":{"line":42,"column":16}},{"start":{"line":43,"column":8},"end":{"line":45,"column":16}},{"start":{"line":46,"column":8},"end":{"line":48,"column":16}},{"start":{"line":49,"column":8},"end":{"line":50,"column":19}}]}},"s":{"0":5,"1":5,"2":5,"3":5,"4":4,"5":3,"6":5,"7":0,"8":0,"9":0,"10":0,"11":0,"12":0,"13":0,"14":0,"15":0,"16":0,"17":0,"18":0,"19":0,"20":0,"21":0,"22":0,"23":0,"24":0,"25":0,"26":0,"27":0,"28":0,"29":0,"30":0,"31":0,"32":5},"f":{"0":5,"1":4,"2":0,"3":0,"4":0},"b":{"0":[0],"1":[0,0],"2":[0,0,0,0,0]}}
,"D:\\Lumitech\\starwars-app\\src\\shared\\services\\index.ts": {"path":"D:\\Lumitech\\starwars-app\\src\\shared\\services\\index.ts","statementMap":{"0":{"start":{"line":1,"column":0},"end":{"line":1,"column":9}},"1":{"start":{"line":1,"column":9},"end":{"line":1,"column":37}},"2":{"start":{"line":2,"column":0},"end":{"line":2,"column":9}},"3":{"start":{"line":2,"column":9},"end":{"line":2,"column":38}},"4":{"start":{"line":3,"column":0},"end":{"line":3,"column":9}},"5":{"start":{"line":3,"column":9},"end":{"line":3,"column":47}}},"fnMap":{"0":{"name":"(anonymous_0)","decl":{"start":{"line":1,"column":9},"end":{"line":1,"column":18}},"loc":{"start":{"line":1,"column":9},"end":{"line":1,"column":37}}},"1":{"name":"(anonymous_1)","decl":{"start":{"line":2,"column":9},"end":{"line":2,"column":20}},"loc":{"start":{"line":2,"column":9},"end":{"line":2,"column":38}}},"2":{"name":"(anonymous_2)","decl":{"start":{"line":3,"column":9},"end":{"line":3,"column":24}},"loc":{"start":{"line":3,"column":9},"end":{"line":3,"column":47}}}},"branchMap":{},"s":{"0":5,"1":14,"2":5,"3":10,"4":5,"5":8},"f":{"0":9,"1":5,"2":3},"b":{}}
,"D:\\Lumitech\\starwars-app\\src\\shared\\services\\spaceships.ts": {"path":"D:\\Lumitech\\starwars-app\\src\\shared\\services\\spaceships.ts","statementMap":{"0":{"start":{"line":1,"column":0},"end":{"line":1,"column":26}},"1":{"start":{"line":5,"column":31},"end":{"line":55,"column":1}},"2":{"start":{"line":6,"column":21},"end":{"line":6,"column":23}},"3":{"start":{"line":7,"column":25},"end":{"line":7,"column":27}},"4":{"start":{"line":8,"column":25},"end":{"line":8,"column":27}},"5":{"start":{"line":10,"column":2},"end":{"line":52,"column":3}},"6":{"start":{"line":12,"column":31},"end":{"line":13,"column":null}},"7":{"start":{"line":13,"column":6},"end":{"line":13,"column":33}},"8":{"start":{"line":16,"column":24},"end":{"line":16,"column":64}},"9":{"start":{"line":19,"column":27},"end":{"line":20,"column":null}},"10":{"start":{"line":23,"column":18},"end":{"line":23,"column":59}},"11":{"start":{"line":25,"column":4},"end":{"line":25,"column":30}},"12":{"start":{"line":28,"column":4},"end":{"line":38,"column":6}},"13":{"start":{"line":29,"column":37},"end":{"line":37,"column":8}},"14":{"start":{"line":41,"column":4},"end":{"line":51,"column":6}},"15":{"start":{"line":43,"column":8},"end":{"line":49,"column":10}},"16":{"start":{"line":54,"column":2},"end":{"line":54,"column":56}},"17":{"start":{"line":5,"column":13},"end":{"line":5,"column":31}}},"fnMap":{"0":{"name":"(anonymous_1)","decl":{"start":{"line":5,"column":31},"end":{"line":5,"column":36}},"loc":{"start":{"line":5,"column":73},"end":{"line":55,"column":1}}},"1":{"name":"(anonymous_2)","decl":{"start":{"line":12,"column":54},"end":{"line":12,"column":55}},"loc":{"start":{"line":13,"column":6},"end":{"line":13,"column":33}}},"2":{"name":"(anonymous_3)","decl":{"start":{"line":29,"column":19},"end":{"line":29,"column":20}},"loc":{"start":{"line":29,"column":37},"end":{"line":37,"column":8}}},"3":{"name":"(anonymous_4)","decl":{"start":{"line":42,"column":19},"end":{"line":42,"column":20}},"loc":{"start":{"line":42,"column":28},"end":{"line":50,"column":7}}}},"branchMap":{},"s":{"0":5,"1":5,"2":3,"3":3,"4":3,"5":3,"6":5,"7":48,"8":5,"9":5,"10":4,"11":4,"12":4,"13":0,"14":4,"15":0,"16":2,"17":5},"f":{"0":3,"1":48,"2":0,"3":0},"b":{}}
,"D:\\Lumitech\\starwars-app\\src\\styles\\common\\global.css": {"path":"D:\\Lumitech\\starwars-app\\src\\styles\\common\\global.css","statementMap":{"0":{"start":{"line":1,"column":20},"end":{"line":1,"column":43}},"1":{"start":{"line":3,"column":0},"end":{"line":3,"column":80}},"2":{"start":{"line":4,"column":0},"end":{"line":4,"column":20}}},"fnMap":{},"branchMap":{},"s":{"0":1,"1":1,"2":1},"f":{},"b":{},"_coverageSchema":"1a1c01bbd47fc00a2c39e90264f33305004495a9","hash":"f16358383913b106c398dc4a41328749fb708bd7"}
}
