TN:
SF:src\app.tsx
FN:8,(anonymous_1)
FNF:1
FNH:1
FNDA:2,(anonymous_1)
DA:1,1
DA:2,1
DA:3,1
DA:4,1
DA:5,1
DA:6,1
DA:8,1
DA:9,2
LF:8
LH:8
BRF:0
BRH:0
end_of_record
TN:
SF:src\components\layout.tsx
FN:9,(anonymous_0)
FN:15,(anonymous_1)
FN:19,(anonymous_2)
FNF:3
FNH:3
FNDA:2,(anonymous_0)
FNDA:2,(anonymous_1)
FNDA:2,(anonymous_2)
DA:9,1
DA:10,2
DA:15,1
DA:16,2
DA:19,1
DA:20,2
DA:23,1
DA:24,1
DA:26,1
LF:9
LH:9
BRF:0
BRH:0
end_of_record
TN:
SF:src\components\ui\avatar.tsx
FN:9,(anonymous_6)
FN:24,(anonymous_7)
FN:36,(anonymous_8)
FNF:3
FNH:0
FNDA:0,(anonymous_6)
FNDA:0,(anonymous_7)
FNDA:0,(anonymous_8)
DA:1,5
DA:2,5
DA:4,5
DA:6,5
DA:10,0
DA:19,5
DA:21,5
DA:25,0
DA:31,5
DA:33,5
DA:37,0
DA:46,5
DA:48,5
LF:13
LH:10
BRF:0
BRH:0
end_of_record
TN:
SF:src\components\ui\button.tsx
FN:45,(anonymous_6)
FNF:1
FNH:1
FNDA:130,(anonymous_6)
DA:1,5
DA:2,5
DA:3,5
DA:5,5
DA:7,5
DA:44,5
DA:46,130
DA:47,130
DA:56,5
DA:58,5
LF:10
LH:10
BRDA:45,0,0,130
BRDA:46,1,0,0
BRDA:46,1,1,130
BRF:3
BRH:2
end_of_record
TN:
SF:src\components\ui\card.tsx
FN:8,(anonymous_6)
FN:23,(anonymous_7)
FN:35,(anonymous_8)
FN:50,(anonymous_9)
FN:62,(anonymous_10)
FN:70,(anonymous_11)
FNF:6
FNH:4
FNDA:6,(anonymous_6)
FNDA:6,(anonymous_7)
FNDA:2,(anonymous_8)
FNDA:0,(anonymous_9)
FNDA:2,(anonymous_10)
FNDA:0,(anonymous_11)
DA:1,5
DA:3,5
DA:5,5
DA:9,6
DA:18,5
DA:20,5
DA:24,6
DA:30,5
DA:32,5
DA:36,2
DA:45,5
DA:47,5
DA:51,0
DA:57,5
DA:59,5
DA:63,2
DA:65,5
DA:67,5
DA:71,0
DA:77,5
DA:79,5
LF:21
LH:19
BRF:0
BRH:0
end_of_record
TN:
SF:src\components\ui\index.ts
FNF:0
FNH:0
DA:1,5
DA:2,5
DA:3,5
DA:4,5
DA:5,5
DA:6,5
LF:6
LH:6
BRF:0
BRH:0
end_of_record
TN:
SF:src\components\ui\pagination.tsx
FN:14,(anonymous_0)
FN:32,(anonymous_1)
FN:36,(anonymous_2)
FN:56,(anonymous_3)
FN:70,(anonymous_4)
FNF:5
FNH:2
FNDA:15,(anonymous_0)
FNDA:0,(anonymous_1)
FNDA:0,(anonymous_2)
FNDA:60,(anonymous_3)
FNDA:0,(anonymous_4)
DA:1,5
DA:2,5
DA:3,5
DA:4,5
DA:14,5
DA:21,15
DA:28,15
DA:29,0
DA:32,15
DA:33,0
DA:36,15
DA:37,0
DA:40,15
DA:42,15
DA:57,60
DA:58,15
DA:67,45
DA:70,0
LF:18
LH:14
BRDA:17,0,0,15
BRDA:19,1,0,15
BRDA:28,2,0,0
BRDA:28,3,0,15
BRDA:28,3,1,15
BRDA:57,4,0,15
BRF:6
BRH:5
end_of_record
TN:
SF:src\components\ui\skeleton.tsx
FN:3,Skeleton
FNF:1
FNH:1
FNDA:12,Skeleton
DA:1,5
DA:7,12
DA:15,5
LF:3
LH:3
BRF:0
BRH:0
end_of_record
TN:
SF:src\components\ui\typography.tsx
FN:6,P
FN:14,H1
FN:22,H2
FN:30,H3
FN:38,H4
FNF:5
FNH:3
FNDA:229,P
FNDA:2,H1
FNDA:2,H2
FNDA:0,H3
FNDA:0,H4
DA:7,229
DA:15,2
DA:23,2
DA:31,0
DA:39,0
DA:46,5
LF:6
LH:4
BRF:0
BRH:0
end_of_record
TN:
SF:src\features\character-details.tsx
FN:10,(anonymous_0)
FN:15,(anonymous_1)
FN:16,(anonymous_2)
FNF:3
FNH:3
FNDA:6,(anonymous_0)
FNDA:4,(anonymous_1)
FNDA:4,(anonymous_2)
DA:2,4
DA:3,4
DA:4,4
DA:5,4
DA:7,4
DA:8,4
DA:10,4
DA:11,6
DA:12,6
DA:13,6
DA:15,6
DA:16,4
DA:17,4
DA:18,3
DA:20,3
DA:22,3
DA:25,4
DA:28,6
LF:18
LH:18
BRDA:31,0,0,4
BRDA:31,0,1,2
BRDA:43,1,0,4
BRDA:43,1,1,2
BRDA:48,2,0,4
BRDA:48,2,1,2
BRF:6
BRH:6
end_of_record
TN:
SF:src\features\character-list.tsx
FN:7,(anonymous_0)
FN:13,(anonymous_1)
FN:14,(anonymous_2)
FN:25,(anonymous_3)
FN:36,(anonymous_4)
FNF:5
FNH:4
FNDA:14,(anonymous_0)
FNDA:5,(anonymous_1)
FNDA:5,(anonymous_2)
FNDA:0,(anonymous_3)
FNDA:40,(anonymous_4)
DA:1,4
DA:2,4
DA:4,4
DA:5,4
DA:7,4
DA:8,14
DA:9,14
DA:10,14
DA:11,14
DA:13,14
DA:14,5
DA:15,5
DA:16,5
DA:17,4
DA:18,4
DA:19,4
DA:22,5
DA:25,14
DA:26,0
DA:29,14
DA:30,5
DA:33,9
DA:37,40
LF:23
LH:22
BRDA:29,0,0,5
BRF:1
BRH:1
end_of_record
TN:
SF:src\features\graph.tsx
FN:18,(anonymous_0)
FN:22,(anonymous_1)
FN:52,(anonymous_2)
FNF:3
FNH:3
FNDA:8,(anonymous_0)
FNDA:4,(anonymous_1)
FNDA:8,(anonymous_2)
DA:1,4
DA:3,4
DA:11,4
DA:12,4
DA:18,4
DA:19,8
DA:20,8
DA:22,8
DA:23,4
DA:25,4
DA:26,3
DA:28,2
DA:40,2
DA:45,2
DA:46,2
DA:48,1
DA:52,8
DA:53,8
DA:54,4
DA:58,8
LF:20
LH:20
BRDA:53,0,0,4
BRF:1
BRH:1
end_of_record
TN:
SF:src\features\index.ts
FN:1,(anonymous_0)
FN:2,(anonymous_1)
FN:3,(anonymous_2)
FNF:3
FNH:3
FNDA:6,(anonymous_0)
FNDA:5,(anonymous_1)
FNDA:2,(anonymous_2)
DA:1,10
DA:2,9
DA:3,6
LF:3
LH:3
BRF:0
BRH:0
end_of_record
TN:
SF:src\shared\hooks\use-pagination.ts
FN:5,(anonymous_0)
FN:7,(anonymous_1)
FN:17,(anonymous_2)
FN:18,(anonymous_3)
FNF:4
FNH:4
FNDA:15,(anonymous_0)
FNDA:30,(anonymous_1)
FNDA:15,(anonymous_2)
FNDA:15,(anonymous_3)
DA:1,5
DA:3,5
DA:5,5
DA:6,15
DA:7,30
DA:17,5
DA:18,15
DA:19,15
DA:21,15
DA:23,15
DA:24,0
DA:27,15
DA:28,15
DA:30,15
DA:31,15
DA:33,15
DA:34,15
DA:36,15
DA:37,15
DA:38,15
DA:40,15
DA:43,0
DA:44,0
DA:45,0
DA:46,0
DA:49,0
DA:50,0
DA:51,0
DA:55,15
LF:29
LH:21
BRDA:17,0,0,0
BRDA:23,1,0,0
BRDA:36,2,0,15
BRDA:36,3,0,15
BRDA:36,3,1,15
BRDA:43,4,0,0
BRDA:43,5,0,0
BRDA:43,5,1,0
BRDA:49,6,0,0
BRDA:49,7,0,0
BRDA:49,7,1,0
BRF:11
BRH:3
end_of_record
TN:
SF:src\shared\lib\utils.ts
FN:4,cn
FNF:1
FNH:1
FNDA:203,cn
DA:1,5
DA:2,5
DA:4,5
DA:5,203
LF:4
LH:4
BRF:0
BRH:0
end_of_record
TN:
SF:src\shared\services\axios.ts
FNF:0
FNH:0
DA:1,5
DA:3,5
LF:2
LH:2
BRF:0
BRH:0
end_of_record
TN:
SF:src\shared\services\films.ts
FN:4,(anonymous_1)
FN:14,(anonymous_2)
FN:29,(anonymous_3)
FNF:3
FNH:3
FNDA:5,(anonymous_1)
FNDA:9,(anonymous_2)
FNDA:9,(anonymous_3)
DA:1,5
DA:4,5
DA:5,5
DA:7,5
DA:11,4
DA:14,9
DA:29,9
DA:43,4
LF:8
LH:8
BRF:0
BRH:0
end_of_record
TN:
SF:src\shared\services\heroes.tsx
FN:11,(anonymous_0)
FN:15,(anonymous_1)
FN:21,(anonymous_2)
FN:57,(anonymous_3)
FN:61,(anonymous_4)
FNF:5
FNH:2
FNDA:5,(anonymous_0)
FNDA:4,(anonymous_1)
FNDA:0,(anonymous_2)
FNDA:0,(anonymous_3)
FNDA:0,(anonymous_4)
DA:2,5
DA:11,5
DA:12,5
DA:15,5
DA:16,4
DA:18,3
DA:21,5
DA:23,0
DA:25,0
DA:26,0
DA:27,0
DA:29,0
DA:30,0
DA:32,0
DA:35,0
DA:36,0
DA:38,0
DA:39,0
DA:41,0
DA:42,0
DA:44,0
DA:45,0
DA:47,0
DA:48,0
DA:50,0
DA:53,0
DA:57,0
DA:59,0
DA:61,0
DA:62,0
DA:65,0
DA:68,5
LF:32
LH:8
BRDA:25,0,0,0
BRDA:29,1,0,0
BRDA:29,1,1,0
BRDA:36,2,0,0
BRDA:36,2,1,0
BRDA:36,2,2,0
BRDA:36,2,3,0
BRDA:36,2,4,0
BRF:8
BRH:0
end_of_record
TN:
SF:src\shared\services\index.ts
FN:1,(anonymous_0)
FN:2,(anonymous_1)
FN:3,(anonymous_2)
FNF:3
FNH:3
FNDA:9,(anonymous_0)
FNDA:5,(anonymous_1)
FNDA:3,(anonymous_2)
DA:1,14
DA:2,10
DA:3,8
LF:3
LH:3
BRF:0
BRH:0
end_of_record
TN:
SF:src\shared\services\spaceships.ts
FN:5,(anonymous_1)
FN:12,(anonymous_2)
FN:29,(anonymous_3)
FN:42,(anonymous_4)
FNF:4
FNH:2
FNDA:3,(anonymous_1)
FNDA:48,(anonymous_2)
FNDA:0,(anonymous_3)
FNDA:0,(anonymous_4)
DA:1,5
DA:5,5
DA:6,3
DA:7,3
DA:8,3
DA:10,3
DA:12,5
DA:13,48
DA:16,5
DA:19,5
DA:23,4
DA:25,4
DA:28,4
DA:29,0
DA:41,4
DA:43,0
DA:54,2
LF:17
LH:15
BRF:0
BRH:0
end_of_record
TN:
SF:src\styles\common\global.css
FNF:0
FNH:0
DA:1,1
DA:3,1
DA:4,1
LF:3
LH:3
BRF:0
BRH:0
end_of_record
